ISim log file
Running: C:\Users\millerlj\Documents\CSSE232\1415a-csse232-benshorm-millerc5-millerlj-miskowbs\Datapath\FullDatapath_FullDatapath_sch_tb_isim_beh.exe -intstyle ise -gui -tclbatch isim.cmd -view C:/Users/millerlj/Documents/CSSE232/1415a-csse232-benshorm-millerc5-millerlj-miskowbs/Datapath/Customwave.wcfg -wdb C:/Users/millerlj/Documents/CSSE232/1415a-csse232-benshorm-millerc5-millerlj-miskowbs/Datapath/FullDatapath_FullDatapath_sch_tb_isim_beh.wdb 
ISim O.87xd (signature 0xc3576ebc)
----------------------------------------------------------------------
INFO:Security:50 - The XILINXD_LICENSE_FILE environment variable is set to '2100@clive.csse.rose-hulman.edu'.
INFO:Security:53 - The LM_LICENSE_FILE environment variable is not set.
WARNING:Security:43 - No license file was found in the standard Xilinx license directory.
WARNING:Security:44 - Since no license file was found,
       please run the Xilinx License Configuration Manager
       (xlcm or "Manage Xilinx Licenses")
       to assist in obtaining a license.
WARNING:Security:42 - Your license support version '2014.12' for ISIM expires in 11 days after which you will not qualify for Xilinx software updates or new releases.


----------------------------------------------------------------------
This is a Full version of ISim.
Time resolution is 1 fs
# onerror resume
# run 10000 ns
Simulator is doing circuit initialization process.
 Block Memory Generator CORE Generator module loading initial data...
 Block Memory Generator data initialization complete.
Block Memory Generator CORE Generator module FullDatapath_FullDatapath_sch_tb.UUT.XLXI_89.XLXI_1.inst.\native_mem_module.blk_mem_gen_v6_3_inst  is using a behavioral model for simulation which will not precisely model memory collision behavior.
Finished circuit initialization process.
# run 60.00us
